#-----------------------------------------------------------
# Vivado v2015.4 (64-bit)
# SW Build 1412921 on Wed Nov 18 09:44:32 MST 2015
# IP Build 1412160 on Tue Nov 17 13:47:24 MST 2015
# Start of session at: Thu Nov 23 00:12:52 2017
# Process ID: 4537
# Current directory: /home/zynq-fyp/Desktop/LinuxDrivers_maxi
# Command line: vivado
# Log file: /home/zynq-fyp/Desktop/LinuxDrivers_maxi/vivado.log
# Journal file: /home/zynq-fyp/Desktop/LinuxDrivers_maxi/vivado.jou
#-----------------------------------------------------------
start_gui
open_project /home/zynq-fyp/Desktop/maxi/maxi_vivado/maxi_vivado.xpr
INFO: [Project 1-313] Project file moved from '/home/chathura/feature_IP/maxi/maxi_vivado' since last save.
Scanning sources...
Finished scanning sources
WARNING: [filemgmt 56-2] IP Repository Path: Could not find the directory '/home/zynq-fyp/Desktop/maxi/feature_maxi', nor could it be found using path '/home/chathura/feature_IP/maxi/feature_maxi'.
WARNING: [filemgmt 56-2] IP Repository Path: Could not find the directory '/home/zynq-fyp/Desktop/maxi/backsub_maxi', nor could it be found using path '/home/chathura/feature_IP/maxi/backsub_maxi'.
WARNING: [filemgmt 56-2] IPUserFilesDir: Could not find the directory '/home/zynq-fyp/Desktop/maxi/maxi_vivado/maxi_vivado.ip_user_files', nor could it be found using path '/home/chathura/feature_IP/maxi/maxi_vivado/maxi_vivado.ip_user_files'.
WARNING: [filemgmt 56-2] IPStaticSourceDir: Could not find the directory '/home/zynq-fyp/Desktop/maxi/maxi_vivado/maxi_vivado.ip_user_files/ipstatic', nor could it be found using path '/home/chathura/feature_IP/maxi/maxi_vivado/maxi_vivado.ip_user_files/ipstatic'.
INFO: [IP_Flow 19-234] Refreshing IP repositories
WARNING: [IP_Flow 19-2248] Failed to load user IP repository '/home/zynq-fyp/Desktop/maxi/feature_maxi'; Can't find the specified path.
If this directory should no longer be in your list of user repositories, go to the IP Settings dialog and remove it.
WARNING: [IP_Flow 19-2248] Failed to load user IP repository '/home/zynq-fyp/Desktop/maxi/backsub_maxi'; Can't find the specified path.
If this directory should no longer be in your list of user repositories, go to the IP Settings dialog and remove it.
INFO: [IP_Flow 19-2313] Loaded Vivado IP repository '/home/zynq-fyp/Xilinx/Vivado/2015.4/data/ip'.
WARNING: [BD 41-1661] One or more IPs have been locked in the design 'design_1.bd'. Please run report_ip_status for more details and recommendations on how to fix this issue.
List of locked IPs:
design_1_backsub_0_0
design_1_feature_0_0

open_project: Time (s): cpu = 00:00:16 ; elapsed = 00:00:12 . Memory (MB): peak = 5873.934 ; gain = 143.359 ; free physical = 11494 ; free virtual = 29732
open_bd_design {/home/zynq-fyp/Desktop/maxi/maxi_vivado/maxi_vivado.srcs/sources_1/bd/design_1/design_1.bd}
Adding component instance block -- xilinx.com:ip:processing_system7:5.5 - processing_system7_0
Adding component instance block -- xilinx.com:hls:feature:1.0 - feature_0
Adding component instance block -- xilinx.com:hls:backsub:1.0 - backsub_0
Adding component instance block -- xilinx.com:ip:proc_sys_reset:5.0 - rst_processing_system7_0_100M
INFO: [Ipptcl 7-1463] No Compatible Board Interface found. Board Tab not created in customize GUI
Adding component instance block -- xilinx.com:ip:blk_mem_gen:8.3 - backsub_0_bram
Adding component instance block -- xilinx.com:ip:xlconcat:2.1 - xlconcat_0
Adding component instance block -- xilinx.com:ip:xlconstant:1.1 - xlconstant_0
Adding component instance block -- xilinx.com:ip:xlconstant:1.1 - xlconstant_1
Adding component instance block -- xilinx.com:ip:axi_crossbar:2.1 - xbar
Adding component instance block -- xilinx.com:ip:axi_protocol_converter:2.1 - auto_pc
Adding component instance block -- xilinx.com:ip:axi_crossbar:2.1 - xbar
Adding component instance block -- xilinx.com:ip:axi_mmu:2.1 - s00_mmu
Adding component instance block -- xilinx.com:ip:axi_mmu:2.1 - s01_mmu
Adding component instance block -- xilinx.com:ip:axi_mmu:2.1 - s02_mmu
Adding component instance block -- xilinx.com:ip:axi_mmu:2.1 - s03_mmu
Adding component instance block -- xilinx.com:ip:axi_protocol_converter:2.1 - auto_pc
Adding component instance block -- xilinx.com:ip:axi_dwidth_converter:2.1 - auto_us
Adding component instance block -- xilinx.com:ip:axi_dwidth_converter:2.1 - auto_us
Adding component instance block -- xilinx.com:ip:axi_dwidth_converter:2.1 - auto_us
Adding component instance block -- xilinx.com:ip:axi_dwidth_converter:2.1 - auto_us
Successfully read diagram <design_1> from BD file </home/zynq-fyp/Desktop/maxi/maxi_vivado/maxi_vivado.srcs/sources_1/bd/design_1/design_1.bd>
open_bd_design: Time (s): cpu = 00:00:10 ; elapsed = 00:00:09 . Memory (MB): peak = 6039.199 ; gain = 155.773 ; free physical = 11275 ; free virtual = 29559
INFO: [Vivado 12-4158] Exported Hardware file is out of date. Exported hardware information may be inconsistent with respect to the current state of the design. It is recommended that you re-export the design and launch SDK otherwise SDK is launched with out of date hardware system file.
launch_sdk -workspace /home/zynq-fyp/Desktop/maxi/maxi_vivado/maxi_vivado.sdk -hwspec /home/zynq-fyp/Desktop/maxi/maxi_vivado/maxi_vivado.sdk/design_1_wrapper.hdf
INFO: [Vivado 12-393] Launching SDK...
INFO: [Vivado 12-417] Running xsdk -workspace /home/zynq-fyp/Desktop/maxi/maxi_vivado/maxi_vivado.sdk -hwspec /home/zynq-fyp/Desktop/maxi/maxi_vivado/maxi_vivado.sdk/design_1_wrapper.hdf
INFO: [Vivado 12-3157] SDK launch initiated. Please check console for any further messages.
